Unity Editor version:    2022.3.15f1 (b58023a2b463)
Branch:                  2022.3/staging
Build type:              Release
Batch mode:              YES
macOS version:           Version 14.2 (Build 23C64)
Darwin version:          23.2.0
Architecture:            arm64
Running under Rosetta:   NO
Available memory:        16384 MB
Using pre-set license
Pro License: YES

COMMAND LINE ARGUMENTS:
/Applications/Unity/Hub/Editor/2022.3.15f1/Unity.app/Contents/MacOS/Unity
-adb2
-batchMode
-noUpm
-name
AssetImportWorker1
-projectPath
/Users/selinnamak/Unity/My project
-logFile
Logs/AssetImportWorker1.log
-srvPort
50547
Successfully changed project path to: /Users/selinnamak/Unity/My project
/Users/selinnamak/Unity/My project
[UnityMemory] Configuration Parameters - Can be set up in boot.config
    "memorysetup-bucket-allocator-granularity=16"
    "memorysetup-bucket-allocator-bucket-count=8"
    "memorysetup-bucket-allocator-block-size=33554432"
    "memorysetup-bucket-allocator-block-count=8"
    "memorysetup-main-allocator-block-size=16777216"
    "memorysetup-thread-allocator-block-size=16777216"
    "memorysetup-gfx-main-allocator-block-size=16777216"
    "memorysetup-gfx-thread-allocator-block-size=16777216"
    "memorysetup-cache-allocator-block-size=4194304"
    "memorysetup-typetree-allocator-block-size=2097152"
    "memorysetup-profiler-bucket-allocator-granularity=16"
    "memorysetup-profiler-bucket-allocator-bucket-count=8"
    "memorysetup-profiler-bucket-allocator-block-size=33554432"
    "memorysetup-profiler-bucket-allocator-block-count=8"
    "memorysetup-profiler-allocator-block-size=16777216"
    "memorysetup-profiler-editor-allocator-block-size=1048576"
    "memorysetup-temp-allocator-size-main=16777216"
    "memorysetup-job-temp-allocator-block-size=2097152"
    "memorysetup-job-temp-allocator-block-size-background=1048576"
    "memorysetup-job-temp-allocator-reduction-small-platforms=262144"
    "memorysetup-allocator-temp-initial-block-size-main=262144"
    "memorysetup-allocator-temp-initial-block-size-worker=262144"
    "memorysetup-temp-allocator-size-background-worker=32768"
    "memorysetup-temp-allocator-size-job-worker=262144"
    "memorysetup-temp-allocator-size-preload-manager=33554432"
    "memorysetup-temp-allocator-size-nav-mesh-worker=65536"
    "memorysetup-temp-allocator-size-audio-worker=65536"
    "memorysetup-temp-allocator-size-cloud-worker=32768"
    "memorysetup-temp-allocator-size-gi-baking-worker=262144"
    "memorysetup-temp-allocator-size-gfx=262144"
Player connection [7924011008] Host "[IP] 192.168.1.104 [Port] 0 [Flags] 2 [Guid] 2111559463 [EditorId] 2111559463 [Version] 1048832 [Id] OSXEditor(0,Selin-MacBook-Pro.local) [Debug] 1 [PackageName] OSXEditor [ProjectName] Editor" joined multi-casting on [225.0.0.222:54997]...

Player connection [7924011008] Host "[IP] 192.168.1.104 [Port] 0 [Flags] 2 [Guid] 2111559463 [EditorId] 2111559463 [Version] 1048832 [Id] OSXEditor(0,Selin-MacBook-Pro.local) [Debug] 1 [PackageName] OSXEditor [ProjectName] Editor" joined alternative multi-casting on [225.0.0.222:34997]...

[Physics::Module] Initialized MultithreadedJobDispatcher with 7 workers.
Refreshing native plugins compatible for Editor in 2.41 ms, found 2 plugins.
Preloading 0 native plugins for Editor in 0.00 ms.
Initialize engine version: 2022.3.15f1 (b58023a2b463)
[Subsystems] Discovering subsystems at path /Applications/Unity/Hub/Editor/2022.3.15f1/Unity.app/Contents/Resources/UnitySubsystems
[Subsystems] Discovering subsystems at path /Users/selinnamak/Unity/My project/Assets
GfxDevice: creating device client; threaded=0; jobified=0
 preferred device: Apple M2 (high power)
Metal devices available: 1
0: Apple M2 (high power)
Using device Apple M2 (high power)
Initializing Metal device caps: Apple M2
Initialize mono
Mono path[0] = '/Applications/Unity/Hub/Editor/2022.3.15f1/Unity.app/Contents/Managed'
Mono path[1] = '/Applications/Unity/Hub/Editor/2022.3.15f1/Unity.app/Contents/MonoBleedingEdge/lib/mono/unityjit-macos'
Mono config path = '/Applications/Unity/Hub/Editor/2022.3.15f1/Unity.app/Contents/MonoBleedingEdge/etc'
Using monoOptions --debugger-agent=transport=dt_socket,embedding=1,server=y,suspend=n,address=127.0.0.1:56630
Begin MonoManager ReloadAssembly
Registering precompiled unity dll's ...
Register platform support module: /Applications/Unity/Hub/Editor/2022.3.15f1/PlaybackEngines/WebGLSupport/UnityEditor.WebGL.Extensions.dll
Register platform support module: /Applications/Unity/Hub/Editor/2022.3.15f1/Unity.app/Contents/PlaybackEngines/MacStandaloneSupport/UnityEditor.OSXStandalone.Extensions.dll
Register platform support module: /Applications/Unity/Hub/Editor/2022.3.15f1/PlaybackEngines/AndroidPlayer/UnityEditor.Android.Extensions.dll
Register platform support module: /Applications/Unity/Hub/Editor/2022.3.15f1/PlaybackEngines/WindowsStandaloneSupport/UnityEditor.WindowsStandalone.Extensions.dll
Registered in 0.002053 seconds.
- Loaded All Assemblies, in  0.190 seconds
Native extension for WindowsStandalone target not found
Native extension for Android target not found
Android Extension - Scanning For ADB Devices 54 ms
Native extension for OSXStandalone target not found
Native extension for WebGL target not found
Mono: successfully reloaded assembly
- Finished resetting the current domain, in  0.236 seconds
Domain Reload Profiling: 427ms
	BeginReloadAssembly (44ms)
		ExecutionOrderSort (0ms)
		DisableScriptedObjects (0ms)
		BackupInstance (0ms)
		ReleaseScriptingObjects (0ms)
		CreateAndSetChildDomain (0ms)
	RebuildCommonClasses (21ms)
	RebuildNativeTypeToScriptingClass (7ms)
	initialDomainReloadingComplete (28ms)
	LoadAllAssembliesAndSetupDomain (90ms)
		LoadAssemblies (44ms)
		RebuildTransferFunctionScriptingTraits (0ms)
		AnalyzeDomain (89ms)
			TypeCache.Refresh (88ms)
				TypeCache.ScanAssembly (79ms)
			ScanForSourceGeneratedMonoScriptInfo (0ms)
			ResolveRequiredComponents (0ms)
	FinalizeReload (236ms)
		ReleaseScriptCaches (0ms)
		RebuildScriptCaches (0ms)
		SetupLoadedEditorAssemblies (202ms)
			LogAssemblyErrors (0ms)
			InitializePlatformSupportModulesInManaged (121ms)
			SetLoadedEditorAssemblies (2ms)
			RefreshPlugins (0ms)
			BeforeProcessingInitializeOnLoad (1ms)
			ProcessInitializeOnLoadAttributes (56ms)
			ProcessInitializeOnLoadMethodAttributes (22ms)
			AfterProcessingInitializeOnLoad (0ms)
			EditorAssembliesLoaded (0ms)
		ExecutionOrderSort2 (0ms)
		AwakeInstancesAfterBackupRestoration (0ms)
========================================================================
Worker process is ready to serve import requests
Begin MonoManager ReloadAssembly
- Loaded All Assemblies, in  0.330 seconds
Refreshing native plugins compatible for Editor in 0.64 ms, found 2 plugins.
Native extension for WindowsStandalone target not found
Native extension for Android target not found
Native extension for OSXStandalone target not found
Native extension for WebGL target not found
Package Manager log level set to [2]
[Package Manager] Server::EnsureServerProcessIsRunning -- launch failed, reason: Unity was launched with the -noUpm command-line argument
[Package Manager] UpmClient::Send -- Unable to send message (not connected to UPM process).
[Package Manager] Cannot connect to Unity Package Manager local server
Mono: successfully reloaded assembly
- Finished resetting the current domain, in  0.294 seconds
Domain Reload Profiling: 624ms
	BeginReloadAssembly (72ms)
		ExecutionOrderSort (0ms)
		DisableScriptedObjects (3ms)
		BackupInstance (0ms)
		ReleaseScriptingObjects (0ms)
		CreateAndSetChildDomain (18ms)
	RebuildCommonClasses (22ms)
	RebuildNativeTypeToScriptingClass (7ms)
	initialDomainReloadingComplete (21ms)
	LoadAllAssembliesAndSetupDomain (208ms)
		LoadAssemblies (127ms)
		RebuildTransferFunctionScriptingTraits (0ms)
		AnalyzeDomain (112ms)
			TypeCache.Refresh (102ms)
				TypeCache.ScanAssembly (90ms)
			ScanForSourceGeneratedMonoScriptInfo (6ms)
			ResolveRequiredComponents (2ms)
	FinalizeReload (294ms)
		ReleaseScriptCaches (0ms)
		RebuildScriptCaches (0ms)
		SetupLoadedEditorAssemblies (202ms)
			LogAssemblyErrors (0ms)
			InitializePlatformSupportModulesInManaged (12ms)
			SetLoadedEditorAssemblies (2ms)
			RefreshPlugins (0ms)
			BeforeProcessingInitializeOnLoad (27ms)
			ProcessInitializeOnLoadAttributes (151ms)
			ProcessInitializeOnLoadMethodAttributes (10ms)
			AfterProcessingInitializeOnLoad (1ms)
			EditorAssembliesLoaded (0ms)
		ExecutionOrderSort2 (0ms)
		AwakeInstancesAfterBackupRestoration (2ms)
Launching external process: /Applications/Unity/Hub/Editor/2022.3.15f1/Unity.app/Contents/Tools/UnityShaderCompiler
Launched and connected shader compiler UnityShaderCompiler after 0.04 seconds
Refreshing native plugins compatible for Editor in 0.63 ms, found 2 plugins.
Preloading 0 native plugins for Editor in 0.00 ms.
Unloading 3083 Unused Serialized files (Serialized files now loaded: 0)
Unloading 31 unused Assets / (29.6 KB). Loaded Objects now: 3563.
Memory consumption went from 140.8 MB to 140.8 MB.
Total: 2.372625 ms (FindLiveObjects: 0.120375 ms CreateObjectMapping: 0.059375 ms MarkObjects: 2.151084 ms  DeleteObjects: 0.041500 ms)

AssetImportParameters requested are different than current active one (requested -> active):
  custom:container-demuxer-ogg: 62fdf1f143b41e24485cea50d1cbac27 -> 
  custom:video-decoder-ogg-theora: a1e56fd34408186e4bbccfd4996cb3dc -> 
  custom:CustomObjectIndexerAttribute: 43b350a4d6e6d1791af0b5038c4bea17 -> 
  custom:container-demuxer-webm: 4f35f7cbe854078d1ac9338744f61a02 -> 
  custom:container-muxer-webm: aa71ff27fc2769a1b78a27578f13a17b -> 
  custom:video-decoder-webm-vp8: 9c59270c3fd7afecdb556c50c9e8de78 -> 
  custom:SearchIndexIgnoredProperties: e643bd26f0fe6173181afceb89e7c659 -> 
  custom:AudioImporter_EditorPlatform: 3918e3fc78b5a79bad01e8451be0beb8 -> 
  custom:framework-osx-AVFoundation: e770b220cccbd017edd2c1fefb359320 -> 
  custom:video-encoder-webm-vp8: eb34c28f22e8b96e1ab97ce403110664 -> 
  custom:audio-decoder-ogg-vorbis: bf7c407c2cedff20999df2af8eb42d56 -> 
  custom:audio-encoder-webm-vorbis: bf7c407c2cedff20999df2af8eb42d56 -> 
========================================================================
Received Import Request.
  Time since last request: 5280.722799 seconds.
  path: Assets/Simple Vehicle Pack/Prefabs/Car_3.prefab
  artifactKey: Guid(512151c1530b99343a884b12ee9c5e1e) Importer(815301076,1909f56bfc062723c751e8b465ee728b)
Start importing Assets/Simple Vehicle Pack/Prefabs/Car_3.prefab using Guid(512151c1530b99343a884b12ee9c5e1e) Importer(815301076,1909f56bfc062723c751e8b465ee728b)  -> (artifact id: 'eec1f8b25000d40a61304defbf41a757') in 0.372378 seconds
Number of updated asset objects reloaded before import = 0
Number of asset objects unloaded after import = 33
========================================================================
Received Import Request.
  Time since last request: 0.000099 seconds.
  path: Assets/Simple Vehicle Pack/Prefabs/Bus_2.prefab
  artifactKey: Guid(34941e62fdb557544ada8af1b5333ae0) Importer(815301076,1909f56bfc062723c751e8b465ee728b)
Start importing Assets/Simple Vehicle Pack/Prefabs/Bus_2.prefab using Guid(34941e62fdb557544ada8af1b5333ae0) Importer(815301076,1909f56bfc062723c751e8b465ee728b)  -> (artifact id: '68680f7bd6333e0dfe02e9cff68a6914') in 0.008463 seconds
Number of updated asset objects reloaded before import = 0
Number of asset objects unloaded after import = 33
========================================================================
Received Import Request.
  Time since last request: 0.000057 seconds.
  path: Assets/Simple Vehicle Pack/Prefabs/Bus_1.prefab
  artifactKey: Guid(fc4245223e4122142bb14239d44230ef) Importer(815301076,1909f56bfc062723c751e8b465ee728b)
Start importing Assets/Simple Vehicle Pack/Prefabs/Bus_1.prefab using Guid(fc4245223e4122142bb14239d44230ef) Importer(815301076,1909f56bfc062723c751e8b465ee728b)  -> (artifact id: '64c4c751adbfce2d0017b6d165b11b68') in 0.004258 seconds
Number of updated asset objects reloaded before import = 0
Number of asset objects unloaded after import = 33
========================================================================
Received Import Request.
  Time since last request: 0.000367 seconds.
  path: Assets/Simple Vehicle Pack/Prefabs/Car_2.prefab
  artifactKey: Guid(2dc42346e5313b34c93d598a61994629) Importer(815301076,1909f56bfc062723c751e8b465ee728b)
Start importing Assets/Simple Vehicle Pack/Prefabs/Car_2.prefab using Guid(2dc42346e5313b34c93d598a61994629) Importer(815301076,1909f56bfc062723c751e8b465ee728b)  -> (artifact id: '10de391bd6220c137d39349ce20590a9') in 0.012071 seconds
Number of updated asset objects reloaded before import = 0
Number of asset objects unloaded after import = 33
========================================================================
Received Prepare
Refreshing native plugins compatible for Editor in 0.75 ms, found 2 plugins.
Preloading 0 native plugins for Editor in 0.00 ms.
Unloading 0 Unused Serialized files (Serialized files now loaded: 0)
Unloading 1 unused Assets / (0.8 KB). Loaded Objects now: 3571.
Memory consumption went from 90.8 MB to 90.8 MB.
Total: 6.558000 ms (FindLiveObjects: 0.132166 ms CreateObjectMapping: 0.065792 ms MarkObjects: 6.348333 ms  DeleteObjects: 0.011292 ms)

Prepare: number of updated asset objects reloaded= 0
AssetImportParameters requested are different than current active one (requested -> active):
  custom:container-demuxer-ogg: 62fdf1f143b41e24485cea50d1cbac27 -> 
  custom:video-decoder-ogg-theora: a1e56fd34408186e4bbccfd4996cb3dc -> 
  custom:CustomObjectIndexerAttribute: 43b350a4d6e6d1791af0b5038c4bea17 -> 
  custom:container-demuxer-webm: 4f35f7cbe854078d1ac9338744f61a02 -> 
  custom:container-muxer-webm: aa71ff27fc2769a1b78a27578f13a17b -> 
  custom:video-decoder-webm-vp8: 9c59270c3fd7afecdb556c50c9e8de78 -> 
  custom:SearchIndexIgnoredProperties: e643bd26f0fe6173181afceb89e7c659 -> 
  custom:AudioImporter_EditorPlatform: 3918e3fc78b5a79bad01e8451be0beb8 -> 
  custom:framework-osx-AVFoundation: e770b220cccbd017edd2c1fefb359320 -> 
  custom:video-encoder-webm-vp8: eb34c28f22e8b96e1ab97ce403110664 -> 
  custom:audio-decoder-ogg-vorbis: bf7c407c2cedff20999df2af8eb42d56 -> 
  custom:audio-encoder-webm-vorbis: bf7c407c2cedff20999df2af8eb42d56 -> 
========================================================================
Received Import Request.
  Time since last request: 4730.273813 seconds.
  path: Assets/Simple Vehicle Pack/Demo_scene.unity
  artifactKey: Guid(506b4ac321e63974fafc66c23659ffe6) Importer(2089858483,0ecaa5967403d082aa24f35e1b516d23)
Start importing Assets/Simple Vehicle Pack/Demo_scene.unity using Guid(506b4ac321e63974fafc66c23659ffe6) Importer(2089858483,0ecaa5967403d082aa24f35e1b516d23)  -> (artifact id: '6de8a08da34ae5aceb0e6b788c5abef8') in 0.027861 seconds
Number of updated asset objects reloaded before import = 0
Number of asset objects unloaded after import = 1
========================================================================
Received Import Request.
  Time since last request: 0.000081 seconds.
  path: Assets/Simple Vehicle Pack/Materials/Cars_1.mat
  artifactKey: Guid(d1609d52f4f81da40955e6165cb60e78) Importer(2089858483,0ecaa5967403d082aa24f35e1b516d23)
Start importing Assets/Simple Vehicle Pack/Materials/Cars_1.mat using Guid(d1609d52f4f81da40955e6165cb60e78) Importer(2089858483,0ecaa5967403d082aa24f35e1b516d23)  -> (artifact id: 'a978a8018ff036bb96020f706c6ff8e6') in 0.026166 seconds
Number of updated asset objects reloaded before import = 0
Number of asset objects unloaded after import = 4
========================================================================
Received Import Request.
  Time since last request: 0.000039 seconds.
  path: Assets/Simple Vehicle Pack/Textures/Mobile/cars_diffuse.tif
  artifactKey: Guid(c3068f29ef379c644ae6b65955275e9e) Importer(2089858483,0ecaa5967403d082aa24f35e1b516d23)
Start importing Assets/Simple Vehicle Pack/Textures/Mobile/cars_diffuse.tif using Guid(c3068f29ef379c644ae6b65955275e9e) Importer(2089858483,0ecaa5967403d082aa24f35e1b516d23)  -> (artifact id: 'b911930f165f8b2dc25521357db9fcc7') in 0.030028 seconds
Number of updated asset objects reloaded before import = 0
Number of asset objects unloaded after import = 1
========================================================================
Received Import Request.
  Time since last request: 0.000050 seconds.
  path: Assets/Simple Vehicle Pack/Textures/bus_metallic.tif
  artifactKey: Guid(46ff6946c86f0a248ac2814db3be0301) Importer(2089858483,0ecaa5967403d082aa24f35e1b516d23)
Start importing Assets/Simple Vehicle Pack/Textures/bus_metallic.tif using Guid(46ff6946c86f0a248ac2814db3be0301) Importer(2089858483,0ecaa5967403d082aa24f35e1b516d23)  -> (artifact id: '0220c9dc39ab2823cfab2d61bc9ef06d') in 0.009851 seconds
Number of updated asset objects reloaded before import = 0
Number of asset objects unloaded after import = 1
========================================================================
Received Import Request.
  Time since last request: 0.000061 seconds.
  path: Assets/Simple Vehicle Pack/Models/bus.FBX
  artifactKey: Guid(7f4f24cb528cb884a874e5266f87c831) Importer(2089858483,0ecaa5967403d082aa24f35e1b516d23)
Start importing Assets/Simple Vehicle Pack/Models/bus.FBX using Guid(7f4f24cb528cb884a874e5266f87c831) Importer(2089858483,0ecaa5967403d082aa24f35e1b516d23)  -> (artifact id: 'ce4d43727b01f6f40b941e3aa581f922') in 0.022209 seconds
Number of updated asset objects reloaded before import = 0
Number of asset objects unloaded after import = 29
========================================================================
Received Import Request.
  Time since last request: 0.000063 seconds.
  path: Assets/Simple Vehicle Pack/Materials/Bus_2.mat
  artifactKey: Guid(73e805105a361df41b7e14313b517476) Importer(2089858483,0ecaa5967403d082aa24f35e1b516d23)
Start importing Assets/Simple Vehicle Pack/Materials/Bus_2.mat using Guid(73e805105a361df41b7e14313b517476) Importer(2089858483,0ecaa5967403d082aa24f35e1b516d23)  -> (artifact id: 'c73c739cca3577c03e22e2ff6c8ca220') in 0.005997 seconds
Number of updated asset objects reloaded before import = 0
Number of asset objects unloaded after import = 4
========================================================================
Received Import Request.
  Time since last request: 0.000022 seconds.
  path: Assets/Simple Vehicle Pack/Prefabs/Car_4.prefab
  artifactKey: Guid(ab26596a331d7ee43a3e9d29e2be9f84) Importer(2089858483,0ecaa5967403d082aa24f35e1b516d23)
Start importing Assets/Simple Vehicle Pack/Prefabs/Car_4.prefab using Guid(ab26596a331d7ee43a3e9d29e2be9f84) Importer(2089858483,0ecaa5967403d082aa24f35e1b516d23)  -> (artifact id: 'ab2036107ff43559fc5359e09357d855') in 0.002146 seconds
Number of updated asset objects reloaded before import = 0
Number of asset objects unloaded after import = 29
========================================================================
Received Import Request.
  Time since last request: 0.000031 seconds.
  path: Assets/Simple Vehicle Pack/Materials/Mobile/Bus_2.mat
  artifactKey: Guid(01f8a6cb462b8174a8875f1e4a205d88) Importer(2089858483,0ecaa5967403d082aa24f35e1b516d23)
Start importing Assets/Simple Vehicle Pack/Materials/Mobile/Bus_2.mat using Guid(01f8a6cb462b8174a8875f1e4a205d88) Importer(2089858483,0ecaa5967403d082aa24f35e1b516d23)  -> (artifact id: 'f7aa673658715c7bd69de7bdf15dc031') in 0.025589 seconds
Number of updated asset objects reloaded before import = 0
Number of asset objects unloaded after import = 2
========================================================================
Received Import Request.
  Time since last request: 0.000032 seconds.
  path: Assets/Simple Vehicle Pack/Prefabs/Mobile/Bus_2.prefab
  artifactKey: Guid(d3a9898e22901924b98de4fff69bf9e6) Importer(2089858483,0ecaa5967403d082aa24f35e1b516d23)
Start importing Assets/Simple Vehicle Pack/Prefabs/Mobile/Bus_2.prefab using Guid(d3a9898e22901924b98de4fff69bf9e6) Importer(2089858483,0ecaa5967403d082aa24f35e1b516d23)  -> (artifact id: '17d03f324355ad2ef7e2d15b9bcb3ddb') in 0.003368 seconds
Number of updated asset objects reloaded before import = 0
Number of asset objects unloaded after import = 29
========================================================================
Received Import Request.
  Time since last request: 0.000117 seconds.
  path: Assets/Simple Vehicle Pack/Materials/Mobile/Cars_2.mat
  artifactKey: Guid(d1afc0f29c2ef644699e804c1052b999) Importer(2089858483,0ecaa5967403d082aa24f35e1b516d23)
Start importing Assets/Simple Vehicle Pack/Materials/Mobile/Cars_2.mat using Guid(d1afc0f29c2ef644699e804c1052b999) Importer(2089858483,0ecaa5967403d082aa24f35e1b516d23)  -> (artifact id: '1a029cb3fda54db0d9f4e5b64bdb31c7') in 0.003219 seconds
Number of updated asset objects reloaded before import = 0
Number of asset objects unloaded after import = 2
========================================================================
Received Import Request.
  Time since last request: 0.000033 seconds.
  path: Assets/Simple Vehicle Pack/Textures/Mobile/road_diffuse.tif
  artifactKey: Guid(e9de0ceae983cb94da0d5a0abebd6c31) Importer(2089858483,0ecaa5967403d082aa24f35e1b516d23)
Start importing Assets/Simple Vehicle Pack/Textures/Mobile/road_diffuse.tif using Guid(e9de0ceae983cb94da0d5a0abebd6c31) Importer(2089858483,0ecaa5967403d082aa24f35e1b516d23)  -> (artifact id: '7cc04b75aa1fe94bd6ce53d98a38e3c1') in 0.008793 seconds
Number of updated asset objects reloaded before import = 0
Number of asset objects unloaded after import = 1
========================================================================
Received Import Request.
  Time since last request: 0.000054 seconds.
  path: Assets/Simple Vehicle Pack/Prefabs/Mobile/Car_3.prefab
  artifactKey: Guid(6d56b50e711a5204d9059e0c99b70eda) Importer(2089858483,0ecaa5967403d082aa24f35e1b516d23)
Start importing Assets/Simple Vehicle Pack/Prefabs/Mobile/Car_3.prefab using Guid(6d56b50e711a5204d9059e0c99b70eda) Importer(2089858483,0ecaa5967403d082aa24f35e1b516d23)  -> (artifact id: '4960530727df3fe23cef7edba6afdcab') in 0.002006 seconds
Number of updated asset objects reloaded before import = 0
Number of asset objects unloaded after import = 29
========================================================================
Received Import Request.
  Time since last request: 0.000049 seconds.
  path: Assets/Simple Vehicle Pack/Textures/bus_albedo_2.tif
  artifactKey: Guid(71c06d610b4d99e44bafd4130e9e567d) Importer(2089858483,0ecaa5967403d082aa24f35e1b516d23)
Start importing Assets/Simple Vehicle Pack/Textures/bus_albedo_2.tif using Guid(71c06d610b4d99e44bafd4130e9e567d) Importer(2089858483,0ecaa5967403d082aa24f35e1b516d23)  -> (artifact id: '923b339e2f122d3098bf4ca669c1b3fc') in 0.011113 seconds
Number of updated asset objects reloaded before import = 0
Number of asset objects unloaded after import = 1
========================================================================
Received Import Request.
  Time since last request: 0.000215 seconds.
  path: Assets/Simple Vehicle Pack/Models/road_4.FBX
  artifactKey: Guid(faa37065c55ee5e46ab6e63ac549f8a2) Importer(2089858483,0ecaa5967403d082aa24f35e1b516d23)
Start importing Assets/Simple Vehicle Pack/Models/road_4.FBX using Guid(faa37065c55ee5e46ab6e63ac549f8a2) Importer(2089858483,0ecaa5967403d082aa24f35e1b516d23)  -> (artifact id: 'bd534d115c48012b6208d2aeb2d98b1b') in 0.009310 seconds
Number of updated asset objects reloaded before import = 0
Number of asset objects unloaded after import = 7
========================================================================
Received Import Request.
  Time since last request: 0.000080 seconds.
  path: Assets/Simple Vehicle Pack/Textures/cars_AO.tif
  artifactKey: Guid(bfccf8a69e2d9404da142af497edf1a1) Importer(2089858483,0ecaa5967403d082aa24f35e1b516d23)
Start importing Assets/Simple Vehicle Pack/Textures/cars_AO.tif using Guid(bfccf8a69e2d9404da142af497edf1a1) Importer(2089858483,0ecaa5967403d082aa24f35e1b516d23)  -> (artifact id: 'c375c73959d723919cd2c75f4836b12a') in 0.008947 seconds
Number of updated asset objects reloaded before import = 0
Number of asset objects unloaded after import = 1
========================================================================
Received Import Request.
  Time since last request: 0.000041 seconds.
  path: Assets/Simple Vehicle Pack/Prefabs/Car_2.prefab
  artifactKey: Guid(2dc42346e5313b34c93d598a61994629) Importer(2089858483,0ecaa5967403d082aa24f35e1b516d23)
Start importing Assets/Simple Vehicle Pack/Prefabs/Car_2.prefab using Guid(2dc42346e5313b34c93d598a61994629) Importer(2089858483,0ecaa5967403d082aa24f35e1b516d23)  -> (artifact id: '9e5376e0dd4388c7ffff7103528fb12c') in 0.001858 seconds
Number of updated asset objects reloaded before import = 0
Number of asset objects unloaded after import = 29
========================================================================
Received Import Request.
  Time since last request: 0.000026 seconds.
  path: Assets/Simple Vehicle Pack/Textures/Mobile/bus_diffuse.tif
  artifactKey: Guid(4cb0ad4beb219f047ab423d11568d45b) Importer(2089858483,0ecaa5967403d082aa24f35e1b516d23)
Start importing Assets/Simple Vehicle Pack/Textures/Mobile/bus_diffuse.tif using Guid(4cb0ad4beb219f047ab423d11568d45b) Importer(2089858483,0ecaa5967403d082aa24f35e1b516d23)  -> (artifact id: 'ae73c30d1e9086bd89914bccaed85582') in 0.007573 seconds
Number of updated asset objects reloaded before import = 0
Number of asset objects unloaded after import = 1
========================================================================
Received Import Request.
  Time since last request: 0.000109 seconds.
  path: Assets/Simple Vehicle Pack/Textures/cars_albedo.tif
  artifactKey: Guid(3ab13998715565f41826b8e7e94e9be4) Importer(2089858483,0ecaa5967403d082aa24f35e1b516d23)
Start importing Assets/Simple Vehicle Pack/Textures/cars_albedo.tif using Guid(3ab13998715565f41826b8e7e94e9be4) Importer(2089858483,0ecaa5967403d082aa24f35e1b516d23)  -> (artifact id: '02c7ef959d158bb8025d6d7c0baae889') in 0.008959 seconds
Number of updated asset objects reloaded before import = 0
Number of asset objects unloaded after import = 1
========================================================================
Received Import Request.
  Time since last request: 0.000084 seconds.
  path: Assets/Simple Vehicle Pack/Materials/Mobile/Cars_1.mat
  artifactKey: Guid(fb57deec1f6b9d94b8cf6a09e249fc71) Importer(2089858483,0ecaa5967403d082aa24f35e1b516d23)
Start importing Assets/Simple Vehicle Pack/Materials/Mobile/Cars_1.mat using Guid(fb57deec1f6b9d94b8cf6a09e249fc71) Importer(2089858483,0ecaa5967403d082aa24f35e1b516d23)  -> (artifact id: 'a988b20a8403b4e8740b02f777a287fe') in 0.002853 seconds
Number of updated asset objects reloaded before import = 0
Number of asset objects unloaded after import = 2
========================================================================
Received Import Request.
  Time since last request: 0.000110 seconds.
  path: Assets/Simple Vehicle Pack/Prefabs/Mobile/Car_4.prefab
  artifactKey: Guid(558e73634b44f39458a7ea4a8a56976a) Importer(2089858483,0ecaa5967403d082aa24f35e1b516d23)
Start importing Assets/Simple Vehicle Pack/Prefabs/Mobile/Car_4.prefab using Guid(558e73634b44f39458a7ea4a8a56976a) Importer(2089858483,0ecaa5967403d082aa24f35e1b516d23)  -> (artifact id: 'a2cde638bc1d29caf0668b947e52a55f') in 0.001836 seconds
Number of updated asset objects reloaded before import = 0
Number of asset objects unloaded after import = 29
========================================================================
Received Import Request.
  Time since last request: 0.000028 seconds.
  path: Assets/Simple Vehicle Pack/Textures/Mobile/cars_2_diffuse.tif
  artifactKey: Guid(41d0c53e915d46e49aaae294fe16d245) Importer(2089858483,0ecaa5967403d082aa24f35e1b516d23)
Start importing Assets/Simple Vehicle Pack/Textures/Mobile/cars_2_diffuse.tif using Guid(41d0c53e915d46e49aaae294fe16d245) Importer(2089858483,0ecaa5967403d082aa24f35e1b516d23)  -> (artifact id: '36a2081921fe8f1e56dcafc5af15362a') in 0.008372 seconds
Number of updated asset objects reloaded before import = 0
Number of asset objects unloaded after import = 1
